2025-01-26 08:30:55,037 - INFO - Processing subfolder: census_bureau
2025-01-26 08:30:55,038 - INFO - Processing seed file: seed_census_bureau__household_vehicles__data_catalog.csv
2025-01-26 08:30:55,038 - INFO - Processing seed file: seed_census_bureau__public_insurance__data_catalog.csv
2025-01-26 08:30:55,079 - INFO - Generated YAML file: D:\Data Projects\q4_2024_project\dbt_hdpt\python\..\models\staging\census_bureau\census_bureau__models.yml
2025-01-26 08:30:55,080 - INFO - Processing subfolder: gtfs
2025-01-26 08:30:55,080 - INFO - Processing seed file: seed_gtfs__calendar__data_catalog.csv
2025-01-26 08:30:55,081 - INFO - Processing seed file: seed_gtfs__routes__data_catalog.csv
2025-01-26 08:30:55,081 - INFO - Processing seed file: seed_gtfs__shapes__data_catalog.csv
2025-01-26 08:30:55,082 - INFO - Processing seed file: seed_gtfs__stops__data_catalog.csv
2025-01-26 08:30:55,082 - INFO - Processing seed file: seed_gtfs__stop_times__data_catalog.csv
2025-01-26 08:30:55,083 - INFO - Processing seed file: seed_gtfs__trips__data_catalog.csv
2025-01-26 08:30:55,085 - INFO - Generated YAML file: D:\Data Projects\q4_2024_project\dbt_hdpt\python\..\models\staging\gtfs\gtfs__models.yml
2025-01-26 08:30:55,085 - INFO - Processing subfolder: hpsa
2025-01-26 08:30:55,085 - INFO - Processing seed file: seed_hpsa__components_shapefile__data_catalog.csv
2025-01-26 08:30:55,087 - INFO - Generated YAML file: D:\Data Projects\q4_2024_project\dbt_hdpt\python\..\models\staging\hpsa\hpsa__models.yml
2025-01-26 08:37:30,650 - INFO - Processing subfolder: census_bureau
2025-01-26 08:37:30,650 - INFO - Processing seed file: seed_census_bureau__household_vehicles__data_catalog.csv
2025-01-26 08:37:30,651 - INFO - Processing seed file: seed_census_bureau__public_insurance__data_catalog.csv
2025-01-26 08:37:30,691 - INFO - Generated YAML file: D:\Data Projects\q4_2024_project\dbt_hdpt\python\..\models\staging\census_bureau\census_bureau__models.yml
2025-01-26 08:37:30,691 - INFO - Processing subfolder: gtfs
2025-01-26 08:37:30,692 - INFO - Processing seed file: seed_gtfs__calendar__data_catalog.csv
2025-01-26 08:37:30,692 - INFO - Processing seed file: seed_gtfs__routes__data_catalog.csv
2025-01-26 08:37:30,693 - INFO - Processing seed file: seed_gtfs__shapes__data_catalog.csv
2025-01-26 08:37:30,693 - INFO - Processing seed file: seed_gtfs__stops__data_catalog.csv
2025-01-26 08:37:30,694 - INFO - Processing seed file: seed_gtfs__stop_times__data_catalog.csv
2025-01-26 08:37:30,695 - INFO - Processing seed file: seed_gtfs__trips__data_catalog.csv
2025-01-26 08:37:30,720 - INFO - Generated YAML file: D:\Data Projects\q4_2024_project\dbt_hdpt\python\..\models\staging\gtfs\gtfs__models.yml
2025-01-26 08:37:30,720 - INFO - Processing subfolder: hpsa
2025-01-26 08:37:30,721 - INFO - Processing seed file: seed_hpsa__components_shapefile__data_catalog.csv
2025-01-26 08:37:30,723 - INFO - Generated YAML file: D:\Data Projects\q4_2024_project\dbt_hdpt\python\..\models\staging\hpsa\hpsa__models.yml
2025-01-26 11:47:36,071 - INFO - Processing subfolder: census_bureau
2025-01-26 11:47:36,071 - INFO - Processing seed file: seed_census_bureau__household_vehicles__data_catalog.csv
2025-01-26 11:47:36,072 - INFO - Processing seed file: seed_census_bureau__public_insurance__data_catalog.csv
2025-01-26 11:47:36,112 - INFO - Generated YAML file: D:\Data Projects\q4_2024_project\dbt_hdpt\python\..\models\staging\census_bureau\census_bureau__models.yml
2025-01-26 11:47:36,112 - INFO - Processing subfolder: gtfs
2025-01-26 11:47:36,113 - INFO - Processing seed file: seed_gtfs__calendar__data_catalog.csv
2025-01-26 11:47:36,113 - INFO - Processing seed file: seed_gtfs__routes__data_catalog.csv
2025-01-26 11:47:36,114 - INFO - Processing seed file: seed_gtfs__shapes__data_catalog.csv
2025-01-26 11:47:36,114 - INFO - Processing seed file: seed_gtfs__stops__data_catalog.csv
2025-01-26 11:47:36,115 - INFO - Processing seed file: seed_gtfs__stop_times__data_catalog.csv
2025-01-26 11:47:36,115 - INFO - Processing seed file: seed_gtfs__trips__data_catalog.csv
2025-01-26 11:47:36,142 - INFO - Generated YAML file: D:\Data Projects\q4_2024_project\dbt_hdpt\python\..\models\staging\gtfs\gtfs__models.yml
2025-01-26 11:47:36,142 - INFO - Processing subfolder: hpsa
2025-01-26 11:47:36,143 - INFO - Processing seed file: seed_hpsa__components_shapefile__data_catalog.csv
2025-01-26 11:47:36,157 - INFO - Generated YAML file: D:\Data Projects\q4_2024_project\dbt_hdpt\python\..\models\staging\hpsa\hpsa__models.yml
2025-01-26 11:51:34,098 - INFO - Processing subfolder: census_bureau
2025-01-26 11:51:34,099 - INFO - Processing seed file: seed_census_bureau__household_vehicles__data_catalog.csv
2025-01-26 11:51:34,099 - INFO - Processing seed file: seed_census_bureau__public_insurance__data_catalog.csv
2025-01-26 11:51:34,141 - INFO - Generated YAML file: D:\Data Projects\q4_2024_project\dbt_hdpt\python\..\models\staging\census_bureau\census_bureau__models.yml
2025-01-26 11:51:34,141 - INFO - Processing subfolder: gtfs
2025-01-26 11:51:34,142 - INFO - Processing seed file: seed_gtfs__calendar__data_catalog.csv
2025-01-26 11:51:34,142 - INFO - Processing seed file: seed_gtfs__routes__data_catalog.csv
2025-01-26 11:51:34,143 - INFO - Processing seed file: seed_gtfs__shapes__data_catalog.csv
2025-01-26 11:51:34,143 - INFO - Processing seed file: seed_gtfs__stops__data_catalog.csv
2025-01-26 11:51:34,144 - INFO - Processing seed file: seed_gtfs__stop_times__data_catalog.csv
2025-01-26 11:51:34,144 - INFO - Processing seed file: seed_gtfs__trips__data_catalog.csv
2025-01-26 11:51:34,169 - INFO - Generated YAML file: D:\Data Projects\q4_2024_project\dbt_hdpt\python\..\models\staging\gtfs\gtfs__models.yml
2025-01-26 11:51:34,170 - INFO - Processing subfolder: hpsa
2025-01-26 11:51:34,170 - INFO - Processing seed file: seed_hpsa__components_shapefile__data_catalog.csv
2025-01-26 11:51:34,185 - INFO - Generated YAML file: D:\Data Projects\q4_2024_project\dbt_hdpt\python\..\models\staging\hpsa\hpsa__models.yml
2025-01-26 11:52:21,008 - INFO - Processing subfolder: census_bureau
2025-01-26 11:52:21,009 - INFO - Processing seed file: seed_census_bureau__household_vehicles__data_catalog.csv
2025-01-26 11:52:21,009 - INFO - Processing seed file: seed_census_bureau__public_insurance__data_catalog.csv
2025-01-26 11:52:21,049 - INFO - Generated YAML file: D:\Data Projects\q4_2024_project\dbt_hdpt\python\..\models\staging\census_bureau\census_bureau__models.yml
2025-01-26 11:52:21,049 - INFO - Processing subfolder: gtfs
2025-01-26 11:52:21,050 - INFO - Processing seed file: seed_gtfs__calendar__data_catalog.csv
2025-01-26 11:52:21,050 - INFO - Processing seed file: seed_gtfs__routes__data_catalog.csv
2025-01-26 11:52:21,051 - INFO - Processing seed file: seed_gtfs__shapes__data_catalog.csv
2025-01-26 11:52:21,051 - INFO - Processing seed file: seed_gtfs__stops__data_catalog.csv
2025-01-26 11:52:21,052 - INFO - Processing seed file: seed_gtfs__stop_times__data_catalog.csv
2025-01-26 11:52:21,052 - INFO - Processing seed file: seed_gtfs__trips__data_catalog.csv
2025-01-26 11:52:21,078 - INFO - Generated YAML file: D:\Data Projects\q4_2024_project\dbt_hdpt\python\..\models\staging\gtfs\gtfs__models.yml
2025-01-26 11:52:21,079 - INFO - Processing subfolder: hpsa
2025-01-26 11:52:21,079 - INFO - Processing seed file: seed_hpsa__components_shapefile__data_catalog.csv
2025-01-26 11:52:21,093 - INFO - Generated YAML file: D:\Data Projects\q4_2024_project\dbt_hdpt\python\..\models\staging\hpsa\hpsa__models.yml
2025-01-26 11:55:46,716 - INFO - Processing subfolder: census_bureau
2025-01-26 11:55:46,717 - INFO - Processing seed file: seed_census_bureau__household_vehicles__data_catalog.csv
2025-01-26 11:55:46,717 - INFO - Processing seed file: seed_census_bureau__public_insurance__data_catalog.csv
2025-01-26 11:55:46,760 - INFO - Generated YAML file: D:\Data Projects\q4_2024_project\dbt_hdpt\python\..\models\staging\census_bureau\census_bureau__models.yml
2025-01-26 11:55:46,760 - INFO - Processing subfolder: gtfs
2025-01-26 11:55:46,761 - INFO - Processing seed file: seed_gtfs__calendar__data_catalog.csv
2025-01-26 11:55:46,761 - INFO - Processing seed file: seed_gtfs__routes__data_catalog.csv
2025-01-26 11:55:46,762 - INFO - Processing seed file: seed_gtfs__shapes__data_catalog.csv
2025-01-26 11:55:46,762 - INFO - Processing seed file: seed_gtfs__stops__data_catalog.csv
2025-01-26 11:55:46,763 - INFO - Processing seed file: seed_gtfs__stop_times__data_catalog.csv
2025-01-26 11:55:46,763 - INFO - Processing seed file: seed_gtfs__trips__data_catalog.csv
2025-01-26 11:55:46,790 - INFO - Generated YAML file: D:\Data Projects\q4_2024_project\dbt_hdpt\python\..\models\staging\gtfs\gtfs__models.yml
2025-01-26 11:55:46,790 - INFO - Processing subfolder: hpsa
2025-01-26 11:55:46,791 - INFO - Processing seed file: seed_hpsa__components_shapefile__data_catalog.csv
2025-01-26 11:55:46,806 - INFO - Generated YAML file: D:\Data Projects\q4_2024_project\dbt_hdpt\python\..\models\staging\hpsa\hpsa__models.yml
2025-01-26 11:56:50,323 - INFO - Processing subfolder: census_bureau
2025-01-26 11:56:50,324 - INFO - Processing seed file: seed_census_bureau__household_vehicles__data_catalog.csv
2025-01-26 11:56:50,324 - INFO - Processing seed file: seed_census_bureau__public_insurance__data_catalog.csv
2025-01-26 11:56:50,366 - INFO - Generated YAML file: D:\Data Projects\q4_2024_project\dbt_hdpt\python\..\models\staging\census_bureau\census_bureau__models.yml
2025-01-26 11:56:50,366 - INFO - Processing subfolder: gtfs
2025-01-26 11:56:50,367 - INFO - Processing seed file: seed_gtfs__calendar__data_catalog.csv
2025-01-26 11:56:50,368 - INFO - Processing seed file: seed_gtfs__routes__data_catalog.csv
2025-01-26 11:56:50,368 - INFO - Processing seed file: seed_gtfs__shapes__data_catalog.csv
2025-01-26 11:56:50,368 - INFO - Processing seed file: seed_gtfs__stops__data_catalog.csv
2025-01-26 11:56:50,369 - INFO - Processing seed file: seed_gtfs__stop_times__data_catalog.csv
2025-01-26 11:56:50,370 - INFO - Processing seed file: seed_gtfs__trips__data_catalog.csv
2025-01-26 11:56:50,396 - INFO - Generated YAML file: D:\Data Projects\q4_2024_project\dbt_hdpt\python\..\models\staging\gtfs\gtfs__models.yml
2025-01-26 11:56:50,396 - INFO - Processing subfolder: hpsa
2025-01-26 11:56:50,397 - INFO - Processing seed file: seed_hpsa__components_shapefile__data_catalog.csv
2025-01-26 11:56:50,412 - INFO - Generated YAML file: D:\Data Projects\q4_2024_project\dbt_hdpt\python\..\models\staging\hpsa\hpsa__models.yml
2025-01-26 11:58:14,752 - INFO - Processing subfolder: census_bureau
2025-01-26 11:58:14,752 - INFO - Processing seed file: seed_census_bureau__household_vehicles__data_catalog.csv
2025-01-26 11:58:14,753 - INFO - Processing seed file: seed_census_bureau__public_insurance__data_catalog.csv
2025-01-26 11:58:14,793 - INFO - Generated YAML file: D:\Data Projects\q4_2024_project\dbt_hdpt\python\..\models\staging\census_bureau\census_bureau__models.yml
2025-01-26 11:58:14,793 - INFO - Processing subfolder: gtfs
2025-01-26 11:58:14,794 - INFO - Processing seed file: seed_gtfs__calendar__data_catalog.csv
2025-01-26 11:58:14,794 - INFO - Processing seed file: seed_gtfs__routes__data_catalog.csv
2025-01-26 11:58:14,796 - INFO - Processing seed file: seed_gtfs__shapes__data_catalog.csv
2025-01-26 11:58:14,796 - INFO - Processing seed file: seed_gtfs__stops__data_catalog.csv
2025-01-26 11:58:14,797 - INFO - Processing seed file: seed_gtfs__stop_times__data_catalog.csv
2025-01-26 11:58:14,797 - INFO - Processing seed file: seed_gtfs__trips__data_catalog.csv
2025-01-26 11:58:14,824 - INFO - Generated YAML file: D:\Data Projects\q4_2024_project\dbt_hdpt\python\..\models\staging\gtfs\gtfs__models.yml
2025-01-26 11:58:14,824 - INFO - Processing subfolder: hpsa
2025-01-26 11:58:14,824 - INFO - Processing seed file: seed_hpsa__components_shapefile__data_catalog.csv
2025-01-26 11:58:14,839 - INFO - Generated YAML file: D:\Data Projects\q4_2024_project\dbt_hdpt\python\..\models\staging\hpsa\hpsa__models.yml
2025-01-26 11:59:39,580 - INFO - Processing subfolder: census_bureau
2025-01-26 11:59:39,580 - INFO - Processing seed file: seed_census_bureau__household_vehicles__data_catalog.csv
2025-01-26 11:59:39,581 - INFO - Processing seed file: seed_census_bureau__public_insurance__data_catalog.csv
2025-01-26 11:59:39,620 - INFO - Generated YAML file: D:\Data Projects\q4_2024_project\dbt_hdpt\python\..\models\staging\census_bureau\census_bureau__models.yml
2025-01-26 11:59:39,621 - INFO - Processing subfolder: gtfs
2025-01-26 11:59:39,621 - INFO - Processing seed file: seed_gtfs__calendar__data_catalog.csv
2025-01-26 11:59:39,622 - INFO - Processing seed file: seed_gtfs__routes__data_catalog.csv
2025-01-26 11:59:39,622 - INFO - Processing seed file: seed_gtfs__shapes__data_catalog.csv
2025-01-26 11:59:39,623 - INFO - Processing seed file: seed_gtfs__stops__data_catalog.csv
2025-01-26 11:59:39,623 - INFO - Processing seed file: seed_gtfs__stop_times__data_catalog.csv
2025-01-26 11:59:39,624 - INFO - Processing seed file: seed_gtfs__trips__data_catalog.csv
2025-01-26 11:59:39,650 - INFO - Generated YAML file: D:\Data Projects\q4_2024_project\dbt_hdpt\python\..\models\staging\gtfs\gtfs__models.yml
2025-01-26 11:59:39,651 - INFO - Processing subfolder: hpsa
2025-01-26 11:59:39,651 - INFO - Processing seed file: seed_hpsa__components_shapefile__data_catalog.csv
2025-01-26 11:59:39,665 - INFO - Generated YAML file: D:\Data Projects\q4_2024_project\dbt_hdpt\python\..\models\staging\hpsa\hpsa__models.yml
2025-01-26 11:59:56,632 - INFO - Processing subfolder: census_bureau
2025-01-26 11:59:56,633 - INFO - Processing seed file: seed_census_bureau__household_vehicles__data_catalog.csv
2025-01-26 11:59:56,635 - INFO - Processing seed file: seed_census_bureau__public_insurance__data_catalog.csv
2025-01-26 11:59:56,674 - INFO - Generated YAML file: D:\Data Projects\q4_2024_project\dbt_hdpt\python\..\models\staging\census_bureau\census_bureau__models.yml
2025-01-26 11:59:56,675 - INFO - Processing subfolder: gtfs
2025-01-26 11:59:56,675 - INFO - Processing seed file: seed_gtfs__calendar__data_catalog.csv
2025-01-26 11:59:56,675 - INFO - Processing seed file: seed_gtfs__routes__data_catalog.csv
2025-01-26 11:59:56,676 - INFO - Processing seed file: seed_gtfs__shapes__data_catalog.csv
2025-01-26 11:59:56,676 - INFO - Processing seed file: seed_gtfs__stops__data_catalog.csv
2025-01-26 11:59:56,677 - INFO - Processing seed file: seed_gtfs__stop_times__data_catalog.csv
2025-01-26 11:59:56,677 - INFO - Processing seed file: seed_gtfs__trips__data_catalog.csv
2025-01-26 11:59:56,703 - INFO - Generated YAML file: D:\Data Projects\q4_2024_project\dbt_hdpt\python\..\models\staging\gtfs\gtfs__models.yml
2025-01-26 11:59:56,704 - INFO - Processing subfolder: hpsa
2025-01-26 11:59:56,704 - INFO - Processing seed file: seed_hpsa__components_shapefile__data_catalog.csv
2025-01-26 11:59:56,719 - INFO - Generated YAML file: D:\Data Projects\q4_2024_project\dbt_hdpt\python\..\models\staging\hpsa\hpsa__models.yml
2025-01-26 12:01:42,490 - INFO - Processing subfolder: census_bureau
2025-01-26 12:01:42,491 - INFO - Processing seed file: seed_census_bureau__household_vehicles__data_catalog.csv
2025-01-26 12:01:42,492 - INFO - Processing seed file: seed_census_bureau__public_insurance__data_catalog.csv
2025-01-26 12:01:42,533 - INFO - Generated YAML file: D:\Data Projects\q4_2024_project\dbt_hdpt\python\..\models\staging\census_bureau\census_bureau__models.yml
2025-01-26 12:01:42,533 - INFO - Processing subfolder: gtfs
2025-01-26 12:01:42,534 - INFO - Processing seed file: seed_gtfs__calendar__data_catalog.csv
2025-01-26 12:01:42,535 - INFO - Processing seed file: seed_gtfs__routes__data_catalog.csv
2025-01-26 12:01:42,536 - INFO - Processing seed file: seed_gtfs__shapes__data_catalog.csv
2025-01-26 12:01:42,536 - INFO - Processing seed file: seed_gtfs__stops__data_catalog.csv
2025-01-26 12:01:42,537 - INFO - Processing seed file: seed_gtfs__stop_times__data_catalog.csv
2025-01-26 12:01:42,537 - INFO - Processing seed file: seed_gtfs__trips__data_catalog.csv
2025-01-26 12:01:42,566 - INFO - Generated YAML file: D:\Data Projects\q4_2024_project\dbt_hdpt\python\..\models\staging\gtfs\gtfs__models.yml
2025-01-26 12:01:42,566 - INFO - Processing subfolder: hpsa
2025-01-26 12:01:42,567 - INFO - Processing seed file: seed_hpsa__components_shapefile__data_catalog.csv
2025-01-26 12:01:42,584 - INFO - Generated YAML file: D:\Data Projects\q4_2024_project\dbt_hdpt\python\..\models\staging\hpsa\hpsa__models.yml
2025-01-26 12:02:22,256 - INFO - Processing subfolder: census_bureau
2025-01-26 12:02:22,256 - INFO - Processing seed file: seed_census_bureau__household_vehicles__data_catalog.csv
2025-01-26 12:02:22,257 - INFO - Processing seed file: seed_census_bureau__public_insurance__data_catalog.csv
2025-01-26 12:02:22,297 - INFO - Generated YAML file: D:\Data Projects\q4_2024_project\dbt_hdpt\python\..\models\staging\census_bureau\census_bureau__models.yml
2025-01-26 12:02:22,298 - INFO - Processing subfolder: gtfs
2025-01-26 12:02:22,298 - INFO - Processing seed file: seed_gtfs__calendar__data_catalog.csv
2025-01-26 12:02:22,299 - INFO - Processing seed file: seed_gtfs__routes__data_catalog.csv
2025-01-26 12:02:22,299 - INFO - Processing seed file: seed_gtfs__shapes__data_catalog.csv
2025-01-26 12:02:22,300 - INFO - Processing seed file: seed_gtfs__stops__data_catalog.csv
2025-01-26 12:02:22,301 - INFO - Processing seed file: seed_gtfs__stop_times__data_catalog.csv
2025-01-26 12:02:22,301 - INFO - Processing seed file: seed_gtfs__trips__data_catalog.csv
2025-01-26 12:02:22,329 - INFO - Generated YAML file: D:\Data Projects\q4_2024_project\dbt_hdpt\python\..\models\staging\gtfs\gtfs__models.yml
2025-01-26 12:02:22,329 - INFO - Processing subfolder: hpsa
2025-01-26 12:02:22,329 - INFO - Processing seed file: seed_hpsa__components_shapefile__data_catalog.csv
2025-01-26 12:02:22,344 - INFO - Generated YAML file: D:\Data Projects\q4_2024_project\dbt_hdpt\python\..\models\staging\hpsa\hpsa__models.yml
2025-01-26 12:04:47,091 - INFO - Processing subfolder: census_bureau
2025-01-26 12:04:47,091 - INFO - Processing seed file: seed_census_bureau__household_vehicles__data_catalog.csv
2025-01-26 12:04:47,092 - INFO - Processing seed file: seed_census_bureau__public_insurance__data_catalog.csv
2025-01-26 12:04:47,133 - INFO - Generated YAML file: D:\Data Projects\q4_2024_project\dbt_hdpt\python\..\models\staging\census_bureau\census_bureau__models.yml
2025-01-26 12:04:47,133 - INFO - Processing subfolder: gtfs
2025-01-26 12:04:47,134 - INFO - Processing seed file: seed_gtfs__calendar__data_catalog.csv
2025-01-26 12:04:47,134 - INFO - Processing seed file: seed_gtfs__routes__data_catalog.csv
2025-01-26 12:04:47,135 - INFO - Processing seed file: seed_gtfs__shapes__data_catalog.csv
2025-01-26 12:04:47,135 - INFO - Processing seed file: seed_gtfs__stops__data_catalog.csv
2025-01-26 12:04:47,136 - INFO - Processing seed file: seed_gtfs__stop_times__data_catalog.csv
2025-01-26 12:04:47,136 - INFO - Processing seed file: seed_gtfs__trips__data_catalog.csv
2025-01-26 12:04:47,162 - INFO - Generated YAML file: D:\Data Projects\q4_2024_project\dbt_hdpt\python\..\models\staging\gtfs\gtfs__models.yml
2025-01-26 12:04:47,163 - INFO - Processing subfolder: hpsa
2025-01-26 12:04:47,163 - INFO - Processing seed file: seed_hpsa__components_shapefile__data_catalog.csv
2025-01-26 12:04:47,183 - INFO - Generated YAML file: D:\Data Projects\q4_2024_project\dbt_hdpt\python\..\models\staging\hpsa\hpsa__models.yml
2025-01-26 12:05:14,944 - INFO - Processing subfolder: census_bureau
2025-01-26 12:05:14,945 - INFO - Processing seed file: seed_census_bureau__household_vehicles__data_catalog.csv
2025-01-26 12:05:14,946 - ERROR - Error reading file 'D:\Data Projects\q4_2024_project\dbt_hdpt\python\..\seeds\staging\seed_census_bureau__household_vehicles__data_catalog.csv': cannot access local variable 'cleaned_description' where it is not associated with a value
2025-01-26 12:05:14,946 - INFO - Processing seed file: seed_census_bureau__public_insurance__data_catalog.csv
2025-01-26 12:05:14,946 - ERROR - Error reading file 'D:\Data Projects\q4_2024_project\dbt_hdpt\python\..\seeds\staging\seed_census_bureau__public_insurance__data_catalog.csv': cannot access local variable 'cleaned_description' where it is not associated with a value
2025-01-26 12:05:14,947 - INFO - Generated YAML file: D:\Data Projects\q4_2024_project\dbt_hdpt\python\..\models\staging\census_bureau\census_bureau__models.yml
2025-01-26 12:05:14,948 - INFO - Processing subfolder: gtfs
2025-01-26 12:05:14,948 - INFO - Processing seed file: seed_gtfs__calendar__data_catalog.csv
2025-01-26 12:05:14,949 - ERROR - Error reading file 'D:\Data Projects\q4_2024_project\dbt_hdpt\python\..\seeds\staging\seed_gtfs__calendar__data_catalog.csv': cannot access local variable 'cleaned_description' where it is not associated with a value
2025-01-26 12:05:14,949 - INFO - Processing seed file: seed_gtfs__routes__data_catalog.csv
2025-01-26 12:05:14,949 - ERROR - Error reading file 'D:\Data Projects\q4_2024_project\dbt_hdpt\python\..\seeds\staging\seed_gtfs__routes__data_catalog.csv': cannot access local variable 'cleaned_description' where it is not associated with a value
2025-01-26 12:05:14,950 - INFO - Processing seed file: seed_gtfs__shapes__data_catalog.csv
2025-01-26 12:05:14,950 - ERROR - Error reading file 'D:\Data Projects\q4_2024_project\dbt_hdpt\python\..\seeds\staging\seed_gtfs__shapes__data_catalog.csv': cannot access local variable 'cleaned_description' where it is not associated with a value
2025-01-26 12:05:14,950 - INFO - Processing seed file: seed_gtfs__stops__data_catalog.csv
2025-01-26 12:05:14,951 - ERROR - Error reading file 'D:\Data Projects\q4_2024_project\dbt_hdpt\python\..\seeds\staging\seed_gtfs__stops__data_catalog.csv': cannot access local variable 'cleaned_description' where it is not associated with a value
2025-01-26 12:05:14,951 - INFO - Processing seed file: seed_gtfs__stop_times__data_catalog.csv
2025-01-26 12:05:14,952 - ERROR - Error reading file 'D:\Data Projects\q4_2024_project\dbt_hdpt\python\..\seeds\staging\seed_gtfs__stop_times__data_catalog.csv': cannot access local variable 'cleaned_description' where it is not associated with a value
2025-01-26 12:05:14,952 - INFO - Processing seed file: seed_gtfs__trips__data_catalog.csv
2025-01-26 12:05:14,952 - ERROR - Error reading file 'D:\Data Projects\q4_2024_project\dbt_hdpt\python\..\seeds\staging\seed_gtfs__trips__data_catalog.csv': cannot access local variable 'cleaned_description' where it is not associated with a value
2025-01-26 12:05:14,953 - INFO - Generated YAML file: D:\Data Projects\q4_2024_project\dbt_hdpt\python\..\models\staging\gtfs\gtfs__models.yml
2025-01-26 12:05:14,954 - INFO - Processing subfolder: hpsa
2025-01-26 12:05:14,954 - INFO - Processing seed file: seed_hpsa__components_shapefile__data_catalog.csv
2025-01-26 12:05:14,955 - ERROR - Error reading file 'D:\Data Projects\q4_2024_project\dbt_hdpt\python\..\seeds\staging\seed_hpsa__components_shapefile__data_catalog.csv': cannot access local variable 'cleaned_description' where it is not associated with a value
2025-01-26 12:05:14,956 - INFO - Generated YAML file: D:\Data Projects\q4_2024_project\dbt_hdpt\python\..\models\staging\hpsa\hpsa__models.yml
2025-01-26 12:06:06,125 - INFO - Processing subfolder: census_bureau
2025-01-26 12:06:06,126 - INFO - Processing seed file: seed_census_bureau__household_vehicles__data_catalog.csv
2025-01-26 12:06:06,126 - INFO - Processing seed file: seed_census_bureau__public_insurance__data_catalog.csv
2025-01-26 12:06:06,167 - INFO - Generated YAML file: D:\Data Projects\q4_2024_project\dbt_hdpt\python\..\models\staging\census_bureau\census_bureau__models.yml
2025-01-26 12:06:06,168 - INFO - Processing subfolder: gtfs
2025-01-26 12:06:06,168 - INFO - Processing seed file: seed_gtfs__calendar__data_catalog.csv
2025-01-26 12:06:06,169 - INFO - Processing seed file: seed_gtfs__routes__data_catalog.csv
2025-01-26 12:06:06,170 - INFO - Processing seed file: seed_gtfs__shapes__data_catalog.csv
2025-01-26 12:06:06,170 - INFO - Processing seed file: seed_gtfs__stops__data_catalog.csv
2025-01-26 12:06:06,171 - INFO - Processing seed file: seed_gtfs__stop_times__data_catalog.csv
2025-01-26 12:06:06,172 - INFO - Processing seed file: seed_gtfs__trips__data_catalog.csv
2025-01-26 12:06:06,197 - INFO - Generated YAML file: D:\Data Projects\q4_2024_project\dbt_hdpt\python\..\models\staging\gtfs\gtfs__models.yml
2025-01-26 12:06:06,197 - INFO - Processing subfolder: hpsa
2025-01-26 12:06:06,198 - INFO - Processing seed file: seed_hpsa__components_shapefile__data_catalog.csv
2025-01-26 12:06:06,212 - INFO - Generated YAML file: D:\Data Projects\q4_2024_project\dbt_hdpt\python\..\models\staging\hpsa\hpsa__models.yml
2025-01-26 12:08:33,269 - INFO - Processing subfolder: census_bureau
2025-01-26 12:08:33,270 - INFO - Processing seed file: seed_census_bureau__household_vehicles__data_catalog.csv
2025-01-26 12:08:33,270 - INFO - Processing seed file: seed_census_bureau__public_insurance__data_catalog.csv
2025-01-26 12:08:33,312 - INFO - Generated YAML file: D:\Data Projects\q4_2024_project\dbt_hdpt\python\..\models\staging\census_bureau\census_bureau__models.yml
2025-01-26 12:08:33,312 - INFO - Processing subfolder: gtfs
2025-01-26 12:08:33,313 - INFO - Processing seed file: seed_gtfs__calendar__data_catalog.csv
2025-01-26 12:08:33,313 - INFO - Processing seed file: seed_gtfs__routes__data_catalog.csv
2025-01-26 12:08:33,314 - INFO - Processing seed file: seed_gtfs__shapes__data_catalog.csv
2025-01-26 12:08:33,314 - INFO - Processing seed file: seed_gtfs__stops__data_catalog.csv
2025-01-26 12:08:33,315 - INFO - Processing seed file: seed_gtfs__stop_times__data_catalog.csv
2025-01-26 12:08:33,315 - INFO - Processing seed file: seed_gtfs__trips__data_catalog.csv
2025-01-26 12:08:33,342 - INFO - Generated YAML file: D:\Data Projects\q4_2024_project\dbt_hdpt\python\..\models\staging\gtfs\gtfs__models.yml
2025-01-26 12:08:33,343 - INFO - Processing subfolder: hpsa
2025-01-26 12:08:33,343 - INFO - Processing seed file: seed_hpsa__components_shapefile__data_catalog.csv
2025-01-26 12:08:33,358 - INFO - Generated YAML file: D:\Data Projects\q4_2024_project\dbt_hdpt\python\..\models\staging\hpsa\hpsa__models.yml
2025-01-26 12:10:47,075 - INFO - Processing subfolder: census_bureau
2025-01-26 12:10:47,075 - INFO - Processing seed file: seed_census_bureau__household_vehicles__data_catalog.csv
2025-01-26 12:10:47,076 - INFO - Processing seed file: seed_census_bureau__public_insurance__data_catalog.csv
2025-01-26 12:10:47,118 - INFO - Generated YAML file: D:\Data Projects\q4_2024_project\dbt_hdpt\python\..\models\staging\census_bureau\census_bureau__models.yml
2025-01-26 12:10:47,118 - INFO - Processing subfolder: gtfs
2025-01-26 12:10:47,119 - INFO - Processing seed file: seed_gtfs__calendar__data_catalog.csv
2025-01-26 12:10:47,119 - INFO - Processing seed file: seed_gtfs__routes__data_catalog.csv
2025-01-26 12:10:47,120 - INFO - Processing seed file: seed_gtfs__shapes__data_catalog.csv
2025-01-26 12:10:47,120 - INFO - Processing seed file: seed_gtfs__stops__data_catalog.csv
2025-01-26 12:10:47,121 - INFO - Processing seed file: seed_gtfs__stop_times__data_catalog.csv
2025-01-26 12:10:47,121 - INFO - Processing seed file: seed_gtfs__trips__data_catalog.csv
2025-01-26 12:10:47,147 - INFO - Generated YAML file: D:\Data Projects\q4_2024_project\dbt_hdpt\python\..\models\staging\gtfs\gtfs__models.yml
2025-01-26 12:10:47,148 - INFO - Processing subfolder: hpsa
2025-01-26 12:10:47,148 - INFO - Processing seed file: seed_hpsa__components_shapefile__data_catalog.csv
2025-01-26 12:10:47,164 - INFO - Generated YAML file: D:\Data Projects\q4_2024_project\dbt_hdpt\python\..\models\staging\hpsa\hpsa__models.yml
2025-01-26 12:11:03,957 - INFO - Processing subfolder: census_bureau
2025-01-26 12:11:03,957 - INFO - Processing seed file: seed_census_bureau__household_vehicles__data_catalog.csv
2025-01-26 12:11:03,958 - INFO - Processing seed file: seed_census_bureau__public_insurance__data_catalog.csv
2025-01-26 12:11:03,999 - INFO - Generated YAML file: D:\Data Projects\q4_2024_project\dbt_hdpt\python\..\models\staging\census_bureau\census_bureau__models.yml
2025-01-26 12:11:04,000 - INFO - Processing subfolder: gtfs
2025-01-26 12:11:04,000 - INFO - Processing seed file: seed_gtfs__calendar__data_catalog.csv
2025-01-26 12:11:04,001 - INFO - Processing seed file: seed_gtfs__routes__data_catalog.csv
2025-01-26 12:11:04,001 - INFO - Processing seed file: seed_gtfs__shapes__data_catalog.csv
2025-01-26 12:11:04,002 - INFO - Processing seed file: seed_gtfs__stops__data_catalog.csv
2025-01-26 12:11:04,002 - INFO - Processing seed file: seed_gtfs__stop_times__data_catalog.csv
2025-01-26 12:11:04,003 - INFO - Processing seed file: seed_gtfs__trips__data_catalog.csv
2025-01-26 12:11:04,029 - INFO - Generated YAML file: D:\Data Projects\q4_2024_project\dbt_hdpt\python\..\models\staging\gtfs\gtfs__models.yml
2025-01-26 12:11:04,030 - INFO - Processing subfolder: hpsa
2025-01-26 12:11:04,030 - INFO - Processing seed file: seed_hpsa__components_shapefile__data_catalog.csv
2025-01-26 12:11:04,045 - INFO - Generated YAML file: D:\Data Projects\q4_2024_project\dbt_hdpt\python\..\models\staging\hpsa\hpsa__models.yml
2025-01-26 12:13:38,431 - INFO - Processing subfolder: census_bureau
2025-01-26 12:13:38,431 - INFO - Processing seed file: seed_census_bureau__household_vehicles__data_catalog.csv
2025-01-26 12:13:38,432 - INFO - Processing seed file: seed_census_bureau__public_insurance__data_catalog.csv
2025-01-26 12:13:38,472 - INFO - Generated YAML file: D:\Data Projects\q4_2024_project\dbt_hdpt\python\..\models\staging\census_bureau\census_bureau__models.yml
2025-01-26 12:13:38,472 - INFO - Processing subfolder: gtfs
2025-01-26 12:13:38,473 - INFO - Processing seed file: seed_gtfs__calendar__data_catalog.csv
2025-01-26 12:13:38,473 - INFO - Processing seed file: seed_gtfs__routes__data_catalog.csv
2025-01-26 12:13:38,475 - INFO - Processing seed file: seed_gtfs__shapes__data_catalog.csv
2025-01-26 12:13:38,475 - INFO - Processing seed file: seed_gtfs__stops__data_catalog.csv
2025-01-26 12:13:38,476 - INFO - Processing seed file: seed_gtfs__stop_times__data_catalog.csv
2025-01-26 12:13:38,477 - INFO - Processing seed file: seed_gtfs__trips__data_catalog.csv
2025-01-26 12:13:38,510 - INFO - Generated YAML file: D:\Data Projects\q4_2024_project\dbt_hdpt\python\..\models\staging\gtfs\gtfs__models.yml
2025-01-26 12:13:38,511 - INFO - Processing subfolder: hpsa
2025-01-26 12:13:38,512 - INFO - Processing seed file: seed_hpsa__components_shapefile__data_catalog.csv
2025-01-26 12:13:38,537 - INFO - Generated YAML file: D:\Data Projects\q4_2024_project\dbt_hdpt\python\..\models\staging\hpsa\hpsa__models.yml
